<?xml version="1.0" encoding="UTF-8"?>
<!-- Generated by org.testng.reporters.JUnitReportReporter -->
<testsuite skipped="0" hostname="SE10TBW10FC1025" name="phoenix.PdfReader" tests="1" failures="0" timestamp="2020-10-31T10:15:28 IST" time="0.857" errors="0">
  <testcase name="readPdfContent" time="0.857" classname="phoenix.PdfReader"/>
</testsuite> <!-- phoenix.PdfReader -->
